G:\X\XFILESHACK-PB\XFILESHACK-PB\RELEASE\XFILESHACK-PB.DLL
G:\x\XFilesHack-PB\XFilesHack-PB\Release\XFilesHack-PB.exp
G:\x\XFilesHack-PB\XFilesHack-PB\Release\XFilesHack-PB.lib
G:\X\XFILESHACK-PB\XFILESHACK-PB\RELEASE\XFILESHACK-PB.MAP
G:\X\XFILESHACK-PB\XFILESHACK-PB\RELEASE\XFILESHACK-PB.PDB
G:\X\XFILESHACK-PB\XFILESHACK-PB\XFILESHACK-PB\RELEASE - AUTOPROTECT\BASE64.OBJ
G:\x\XFilesHack-PB\XFilesHack-PB\XFilesHack-PB\Release - AutoProtect\cl.command.1.tlog
G:\x\XFilesHack-PB\XFilesHack-PB\XFilesHack-PB\Release - AutoProtect\CL.read.1.tlog
G:\x\XFilesHack-PB\XFilesHack-PB\XFilesHack-PB\Release - AutoProtect\CL.write.1.tlog
G:\X\XFILESHACK-PB\XFILESHACK-PB\XFILESHACK-PB\RELEASE - AUTOPROTECT\HTTP.OBJ
G:\x\XFilesHack-PB\XFilesHack-PB\XFilesHack-PB\Release - AutoProtect\link.command.1.tlog
G:\x\XFilesHack-PB\XFilesHack-PB\XFilesHack-PB\Release - AutoProtect\link.read.1.tlog
G:\x\XFilesHack-PB\XFilesHack-PB\XFilesHack-PB\Release - AutoProtect\link.write.1.tlog
G:\X\XFILESHACK-PB\XFILESHACK-PB\XFILESHACK-PB\RELEASE - AUTOPROTECT\LOADDLL.OBJ
G:\X\XFILESHACK-PB\XFILESHACK-PB\XFILESHACK-PB\RELEASE - AUTOPROTECT\MD5.OBJ
G:\x\XFilesHack-PB\XFilesHack-PB\XFilesHack-PB\Release - AutoProtect\mt.command.1.tlog
G:\x\XFilesHack-PB\XFilesHack-PB\XFilesHack-PB\Release - AutoProtect\mt.read.1.tlog
G:\x\XFilesHack-PB\XFilesHack-PB\XFilesHack-PB\Release - AutoProtect\mt.write.1.tlog
G:\X\XFILESHACK-PB\XFILESHACK-PB\XFILESHACK-PB\RELEASE - AUTOPROTECT\SMART.OBJ
G:\X\XFILESHACK-PB\XFILESHACK-PB\XFILESHACK-PB\RELEASE - AUTOPROTECT\TRAYICON.OBJ
G:\X\XFILESHACK-PB\XFILESHACK-PB\XFILESHACK-PB\RELEASE - AUTOPROTECT\VC100.PDB
G:\X\XFILESHACK-PB\XFILESHACK-PB\XFILESHACK-PB\RELEASE - AUTOPROTECT\XFILESHACK.OBJ
G:\X\XFILESHACK-PB\XFILESHACK-PB\XFILESHACK-PB\RELEASE - AUTOPROTECT\XFILESHACK-PB.DLL.INTERMEDIATE.MANIFEST
G:\x\XFilesHack-PB\XFilesHack-PB\XFilesHack-PB\Release - AutoProtect\XFilesHack-PB.write.1.tlog
