Build started 9/4/2017 2:33:54 AM.
     1>Project "D:\GameHack\Base & Tools\Base\VS2010\PB\NEWV5\XFilesHack-PB\XFilesHack-PB\XFilesHack-PB.vcxproj" on node 2 (build target(s)).
     1>InitializeBuildStatus:
         Creating "Release - AutoProtect\XFilesHack-PB.unsuccessfulbuild" because "AlwaysCreate" was specified.
       PreBuildEvent:
         call "D:\GameHack\Base & Tools\Base\VS2010\PB\NEWV5\XFilesHack-PB\XorStr.exe"
         :VCEnd
         Current Dir : D:\GameHack\Base & Tools\Base\VS2010\PB\NEWV5\XFilesHack-PB\XFilesHack-PB
         D:\GameHack\Base & Tools\Base\VS2010\PB\NEWV5\XFilesHack-PB\XFilesHack-PB\base64.cpp
         D:\GameHack\Base & Tools\Base\VS2010\PB\NEWV5\XFilesHack-PB\XFilesHack-PB\HTTP.cpp
         D:\GameHack\Base & Tools\Base\VS2010\PB\NEWV5\XFilesHack-PB\XFilesHack-PB\LoadDLL.cpp
         D:\GameHack\Base & Tools\Base\VS2010\PB\NEWV5\XFilesHack-PB\XFilesHack-PB\md5.cpp
         D:\GameHack\Base & Tools\Base\VS2010\PB\NEWV5\XFilesHack-PB\XFilesHack-PB\SMART.cpp
         D:\GameHack\Base & Tools\Base\VS2010\PB\NEWV5\XFilesHack-PB\XFilesHack-PB\TrayIcon.cpp
         D:\GameHack\Base & Tools\Base\VS2010\PB\NEWV5\XFilesHack-PB\XFilesHack-PB\XFilesHack.cpp
         D:\GameHack\Base & Tools\Base\VS2010\PB\NEWV5\XFilesHack-PB\XFilesHack-PB\AddyFunctions.h
         D:\GameHack\Base & Tools\Base\VS2010\PB\NEWV5\XFilesHack-PB\XFilesHack-PB\AddyLogger.h
         D:\GameHack\Base & Tools\Base\VS2010\PB\NEWV5\XFilesHack-PB\XFilesHack-PB\AddyStruct.h
         D:\GameHack\Base & Tools\Base\VS2010\PB\NEWV5\XFilesHack-PB\XFilesHack-PB\AssistFunctions.h
         D:\GameHack\Base & Tools\Base\VS2010\PB\NEWV5\XFilesHack-PB\XFilesHack-PB\AssistLoop.h
         D:\GameHack\Base & Tools\Base\VS2010\PB\NEWV5\XFilesHack-PB\XFilesHack-PB\base64.h
         D:\GameHack\Base & Tools\Base\VS2010\PB\NEWV5\XFilesHack-PB\XFilesHack-PB\BugTrap.h
         D:\GameHack\Base & Tools\Base\VS2010\PB\NEWV5\XFilesHack-PB\XFilesHack-PB\cMenu.h
         D:\GameHack\Base & Tools\Base\VS2010\PB\NEWV5\XFilesHack-PB\XFilesHack-PB\D3DColor.h
         D:\GameHack\Base & Tools\Base\VS2010\PB\NEWV5\XFilesHack-PB\XFilesHack-PB\Direct3D.h
         D:\GameHack\Base & Tools\Base\VS2010\PB\NEWV5\XFilesHack-PB\XFilesHack-PB\Direct3DMath.h
         D:\GameHack\Base & Tools\Base\VS2010\PB\NEWV5\XFilesHack-PB\XFilesHack-PB\directInput.h
         D:\GameHack\Base & Tools\Base\VS2010\PB\NEWV5\XFilesHack-PB\XFilesHack-PB\Dll_AgPerfMon.h
         D:\GameHack\Base & Tools\Base\VS2010\PB\NEWV5\XFilesHack-PB\XFilesHack-PB\DrawingTools.h
         D:\GameHack\Base & Tools\Base\VS2010\PB\NEWV5\XFilesHack-PB\XFilesHack-PB\ESPFunctions.h
         D:\GameHack\Base & Tools\Base\VS2010\PB\NEWV5\XFilesHack-PB\XFilesHack-PB\ESPLoop.h
         D:\GameHack\Base & Tools\Base\VS2010\PB\NEWV5\XFilesHack-PB\XFilesHack-PB\ExeCutor.h
         D:\GameHack\Base & Tools\Base\VS2010\PB\NEWV5\XFilesHack-PB\XFilesHack-PB\FeatureStruct.h
         D:\GameHack\Base & Tools\Base\VS2010\PB\NEWV5\XFilesHack-PB\XFilesHack-PB\FFPlayInterface.h
         D:\GameHack\Base & Tools\Base\VS2010\PB\NEWV5\XFilesHack-PB\XFilesHack-PB\GameClasses.h
         D:\GameHack\Base & Tools\Base\VS2010\PB\NEWV5\XFilesHack-PB\XFilesHack-PB\GlobalDefines.h
         D:\GameHack\Base & Tools\Base\VS2010\PB\NEWV5\XFilesHack-PB\XFilesHack-PB\HackDefines.h
         D:\GameHack\Base & Tools\Base\VS2010\PB\NEWV5\XFilesHack-PB\XFilesHack-PB\HackFunctions.h
         D:\GameHack\Base & Tools\Base\VS2010\PB\NEWV5\XFilesHack-PB\XFilesHack-PB\HackLoop.h
         D:\GameHack\Base & Tools\Base\VS2010\PB\NEWV5\XFilesHack-PB\XFilesHack-PB\Hook.h
         D:\GameHack\Base & Tools\Base\VS2010\PB\NEWV5\XFilesHack-PB\XFilesHack-PB\HTTP.h
         D:\GameHack\Base & Tools\Base\VS2010\PB\NEWV5\XFilesHack-PB\XFilesHack-PB\Internal_AgPerfMon.h
         D:\GameHack\Base & Tools\Base\VS2010\PB\NEWV5\XFilesHack-PB\XFilesHack-PB\LoadDLL.h
         D:\GameHack\Base & Tools\Base\VS2010\PB\NEWV5\XFilesHack-PB\XFilesHack-PB\md5.h
         D:\GameHack\Base & Tools\Base\VS2010\PB\NEWV5\XFilesHack-PB\XFilesHack-PB\Menu.h
         D:\GameHack\Base & Tools\Base\VS2010\PB\NEWV5\XFilesHack-PB\XFilesHack-PB\SMART.h
         D:\GameHack\Base & Tools\Base\VS2010\PB\NEWV5\XFilesHack-PB\XFilesHack-PB\Texture.h
         D:\GameHack\Base & Tools\Base\VS2010\PB\NEWV5\XFilesHack-PB\XFilesHack-PB\TrayIcon.h
         D:\GameHack\Base & Tools\Base\VS2010\PB\NEWV5\XFilesHack-PB\XFilesHack-PB\XFilesHack.h
         D:\GameHack\Base & Tools\Base\VS2010\PB\NEWV5\XFilesHack-PB\XFilesHack-PB\XFilesHackV5SDK.h
         D:\GameHack\Base & Tools\Base\VS2010\PB\NEWV5\XFilesHack-PB\XFilesHack-PB\XorStr.h
         D:\GameHack\Base & Tools\Base\VS2010\PB\NEWV5\XFilesHack-PB\XFilesHack-PB\BugTrap\BTAtlWindow.h
         D:\GameHack\Base & Tools\Base\VS2010\PB\NEWV5\XFilesHack-PB\XFilesHack-PB\BugTrap\BTMfcWindow.h
         D:\GameHack\Base & Tools\Base\VS2010\PB\NEWV5\XFilesHack-PB\XFilesHack-PB\BugTrap\BTTrace.h
         D:\GameHack\Base & Tools\Base\VS2010\PB\NEWV5\XFilesHack-PB\XFilesHack-PB\BugTrap\BugTrap.h
         D:\GameHack\Base & Tools\Base\VS2010\PB\NEWV5\XFilesHack-PB\XFilesHack-PB\Coop\cMenu.h
         D:\GameHack\Base & Tools\Base\VS2010\PB\NEWV5\XFilesHack-PB\XFilesHack-PB\Coop\Color.h
         D:\GameHack\Base & Tools\Base\VS2010\PB\NEWV5\XFilesHack-PB\XFilesHack-PB\Coop\Menu.h
         D:\GameHack\Base & Tools\Base\VS2010\PB\NEWV5\XFilesHack-PB\XFilesHack-PB\SpucEngine\cMenu.h
         D:\GameHack\Base & Tools\Base\VS2010\PB\NEWV5\XFilesHack-PB\XFilesHack-PB\SpucEngine\Color.h
         D:\GameHack\Base & Tools\Base\VS2010\PB\NEWV5\XFilesHack-PB\XFilesHack-PB\SpucEngine\Draw.h
         D:\GameHack\Base & Tools\Base\VS2010\PB\NEWV5\XFilesHack-PB\XFilesHack-PB\SpucEngine\Menu.h
       ClCompile:
         C:\Program Files (x86)\Microsoft Visual Studio 10.0\VC\bin\CL.exe /c /Zi /nologo /W3 /WX- /Ox /Oi /Oy- /GL /D _WINDLL /D _MBCS /Gm- /EHsc /MD /GS /Gy /fp:precise /Zc:wchar_t /Zc:forScope /Fo"Release - AutoProtect\\" /Fd"Release - AutoProtect\vc100.pdb" /Gd /TP /analyze- /errorReport:prompt base64.cpp HTTP.cpp LoadDLL.cpp md5.cpp SMART.cpp TrayIcon.cpp XFilesHack.cpp
         base64.cpp
         HTTP.cpp
         LoadDLL.cpp
         md5.cpp
     1>md5.cpp(341): warning C4996: 'sprintf': This function or variable may be unsafe. Consider using sprintf_s instead. To disable deprecation, use _CRT_SECURE_NO_WARNINGS. See online help for details.
                 C:\Program Files (x86)\Microsoft Visual Studio 10.0\VC\include\stdio.h(371) : see declaration of 'sprintf'
         SMART.cpp
         TrayIcon.cpp
         XFilesHack.cpp
     1>d:\gamehack\base & tools\base\vs2010\pb\newv5\xfileshack-pb\xfileshack-pb\XFilesHack.h(4): fatal error C1083: Cannot open include file: 'd3dx9.h': No such file or directory
     1>Done Building Project "D:\GameHack\Base & Tools\Base\VS2010\PB\NEWV5\XFilesHack-PB\XFilesHack-PB\XFilesHack-PB.vcxproj" (build target(s)) -- FAILED.

Build FAILED.

Time Elapsed 00:00:04.21
