C:\PROGRAM FILES (X86)\RAZER\RAZER CORTEX\FPSLOG\FPS_MT.LOG
C:\WINDOWS\SYSWOW64\AGPERFMON.DLL
C:\Windows\SysWOW64\AgPerfMon.exp
C:\Windows\SysWOW64\AgPerfMon.lib
C:\WINDOWS\SYSWOW64\AGPERFMON.MAP
C:\WINDOWS\SYSWOW64\AGPERFMON.PDB
C:\WINDOWS\SYSWOW64\EXT-MS-WIN-KERNEL32-PACKAGE-CURRENT-L1-1-0.DLL
C:\Windows\SysWOW64\ext-ms-win-kernel32-package-current-l1-1-0.exp
C:\Windows\SysWOW64\ext-ms-win-kernel32-package-current-l1-1-0.lib
C:\WINDOWS\SYSWOW64\EXT-MS-WIN-KERNEL32-PACKAGE-CURRENT-L1-1-0.MAP
C:\WINDOWS\SYSWOW64\EXT-MS-WIN-KERNEL32-PACKAGE-CURRENT-L1-1-0.PDB
D:\GAMEHACK\BASE & TOOLS\BASE\VS2010\PB\NEWV5\XFILESHACK-PB\XFILESHACK-PB\RELEASE - TOINTERNAL\AGPERFMON.DLL.INTERMEDIATE.MANIFEST
D:\GAMEHACK\BASE & TOOLS\BASE\VS2010\PB\NEWV5\XFILESHACK-PB\XFILESHACK-PB\RELEASE - TOINTERNAL\BASE64.OBJ
D:\GameHack\Base & Tools\Base\VS2010\PB\NEWV5\XFilesHack-PB\XFilesHack-PB\Release - ToInternal\cl.command.1.tlog
D:\GameHack\Base & Tools\Base\VS2010\PB\NEWV5\XFilesHack-PB\XFilesHack-PB\Release - ToInternal\CL.read.1.tlog
D:\GameHack\Base & Tools\Base\VS2010\PB\NEWV5\XFilesHack-PB\XFilesHack-PB\Release - ToInternal\CL.write.1.tlog
D:\GameHack\Base & Tools\Base\VS2010\PB\NEWV5\XFilesHack-PB\XFilesHack-PB\Release - ToInternal\ext-ms-win-kernel32-package-current-l1-1-0.dll.intermediate.manifest
D:\GAMEHACK\BASE & TOOLS\BASE\VS2010\PB\NEWV5\XFILESHACK-PB\XFILESHACK-PB\RELEASE - TOINTERNAL\HTTP.OBJ
D:\GameHack\Base & Tools\Base\VS2010\PB\NEWV5\XFilesHack-PB\XFilesHack-PB\Release - ToInternal\link.command.1.tlog
D:\GameHack\Base & Tools\Base\VS2010\PB\NEWV5\XFilesHack-PB\XFilesHack-PB\Release - ToInternal\link.read.1.tlog
D:\GameHack\Base & Tools\Base\VS2010\PB\NEWV5\XFilesHack-PB\XFilesHack-PB\Release - ToInternal\link.write.1.tlog
D:\GAMEHACK\BASE & TOOLS\BASE\VS2010\PB\NEWV5\XFILESHACK-PB\XFILESHACK-PB\RELEASE - TOINTERNAL\LOADDLL.OBJ
D:\GAMEHACK\BASE & TOOLS\BASE\VS2010\PB\NEWV5\XFILESHACK-PB\XFILESHACK-PB\RELEASE - TOINTERNAL\MD5.OBJ
D:\GameHack\Base & Tools\Base\VS2010\PB\NEWV5\XFilesHack-PB\XFilesHack-PB\Release - ToInternal\mt.command.1.tlog
D:\GameHack\Base & Tools\Base\VS2010\PB\NEWV5\XFilesHack-PB\XFilesHack-PB\Release - ToInternal\mt.read.1.tlog
D:\GameHack\Base & Tools\Base\VS2010\PB\NEWV5\XFilesHack-PB\XFilesHack-PB\Release - ToInternal\mt.write.1.tlog
D:\GAMEHACK\BASE & TOOLS\BASE\VS2010\PB\NEWV5\XFILESHACK-PB\XFILESHACK-PB\RELEASE - TOINTERNAL\SMART.OBJ
D:\GAMEHACK\BASE & TOOLS\BASE\VS2010\PB\NEWV5\XFILESHACK-PB\XFILESHACK-PB\RELEASE - TOINTERNAL\TRAYICON.OBJ
D:\GameHack\Base & Tools\Base\VS2010\PB\NEWV5\XFilesHack-PB\XFilesHack-PB\Release - ToInternal\vc100.pdb
D:\GAMEHACK\BASE & TOOLS\BASE\VS2010\PB\NEWV5\XFILESHACK-PB\XFILESHACK-PB\RELEASE - TOINTERNAL\XFILESHACK.OBJ
D:\GameHack\Base & Tools\Base\VS2010\PB\NEWV5\XFilesHack-PB\XFilesHack-PB\Release - ToInternal\XFilesHack-PB.vcxprojResolveAssemblyReference.cache
D:\GameHack\Base & Tools\Base\VS2010\PB\NEWV5\XFilesHack-PB\XFilesHack-PB\Release - ToInternal\XFilesHack-PB.write.1.tlog
D:\X\XFILESHACK-PB\XFILESHACK-PB\XFILESHACK-PB\RELEASE - TOINTERNAL\BASE64.OBJ
D:\X\XFILESHACK-PB\XFILESHACK-PB\XFILESHACK-PB\RELEASE - TOINTERNAL\EXT-MS-WIN-KERNEL32-PACKAGE-CURRENT-L1-1-0.DLL.INTERMEDIATE.MANIFEST
D:\X\XFILESHACK-PB\XFILESHACK-PB\XFILESHACK-PB\RELEASE - TOINTERNAL\HTTP.OBJ
D:\X\XFILESHACK-PB\XFILESHACK-PB\XFILESHACK-PB\RELEASE - TOINTERNAL\LOADDLL.OBJ
D:\X\XFILESHACK-PB\XFILESHACK-PB\XFILESHACK-PB\RELEASE - TOINTERNAL\MD5.OBJ
D:\X\XFILESHACK-PB\XFILESHACK-PB\XFILESHACK-PB\RELEASE - TOINTERNAL\SMART.OBJ
D:\X\XFILESHACK-PB\XFILESHACK-PB\XFILESHACK-PB\RELEASE - TOINTERNAL\TRAYICON.OBJ
D:\X\XFILESHACK-PB\XFILESHACK-PB\XFILESHACK-PB\RELEASE - TOINTERNAL\VC100.PDB
D:\X\XFILESHACK-PB\XFILESHACK-PB\XFILESHACK-PB\RELEASE - TOINTERNAL\XFILESHACK.OBJ
