C:\WINDOWS\SYSTEM32\AGPERFMON.DLL
C:\Windows\System32\AgPerfMon.exp
C:\Windows\System32\AgPerfMon.lib
C:\WINDOWS\SYSTEM32\EXT-MS-WIN-KERNEL32-PACKAGE-CURRENT-L1-1-0.DLL
C:\Windows\System32\ext-ms-win-kernel32-package-current-l1-1-0.exp
C:\Windows\System32\ext-ms-win-kernel32-package-current-l1-1-0.lib
C:\WINDOWS\SYSTEM32\EXT-MS-WIN-KERNEL32-PACKAGE-CURRENT-L1-1-0.PDB
D:\x\XFilesHack-PB\XFilesHack-PB\XFilesHack-PB\Release - ToInternal\AgPerfMon.dll.intermediate.manifest
D:\X\XFILESHACK-PB\XFILESHACK-PB\XFILESHACK-PB\RELEASE - TOINTERNAL\BASE64.OBJ
D:\x\XFilesHack-PB\XFilesHack-PB\XFilesHack-PB\Release - ToInternal\cl.command.1.tlog
D:\x\XFilesHack-PB\XFilesHack-PB\XFilesHack-PB\Release - ToInternal\CL.read.1.tlog
D:\x\XFilesHack-PB\XFilesHack-PB\XFilesHack-PB\Release - ToInternal\CL.write.1.tlog
D:\X\XFILESHACK-PB\XFILESHACK-PB\XFILESHACK-PB\RELEASE - TOINTERNAL\EXT-MS-WIN-KERNEL32-PACKAGE-CURRENT-L1-1-0.DLL.INTERMEDIATE.MANIFEST
D:\X\XFILESHACK-PB\XFILESHACK-PB\XFILESHACK-PB\RELEASE - TOINTERNAL\HTTP.OBJ
D:\x\XFilesHack-PB\XFilesHack-PB\XFilesHack-PB\Release - ToInternal\link.command.1.tlog
D:\x\XFilesHack-PB\XFilesHack-PB\XFilesHack-PB\Release - ToInternal\link.read.1.tlog
D:\x\XFilesHack-PB\XFilesHack-PB\XFilesHack-PB\Release - ToInternal\link.write.1.tlog
D:\X\XFILESHACK-PB\XFILESHACK-PB\XFILESHACK-PB\RELEASE - TOINTERNAL\LOADDLL.OBJ
D:\X\XFILESHACK-PB\XFILESHACK-PB\XFILESHACK-PB\RELEASE - TOINTERNAL\MD5.OBJ
D:\x\XFilesHack-PB\XFilesHack-PB\XFilesHack-PB\Release - ToInternal\mt.command.1.tlog
D:\x\XFilesHack-PB\XFilesHack-PB\XFilesHack-PB\Release - ToInternal\mt.read.1.tlog
D:\x\XFilesHack-PB\XFilesHack-PB\XFilesHack-PB\Release - ToInternal\mt.write.1.tlog
D:\X\XFILESHACK-PB\XFILESHACK-PB\XFILESHACK-PB\RELEASE - TOINTERNAL\SMART.OBJ
D:\X\XFILESHACK-PB\XFILESHACK-PB\XFILESHACK-PB\RELEASE - TOINTERNAL\TRAYICON.OBJ
D:\x\XFilesHack-PB\XFilesHack-PB\XFilesHack-PB\Release - ToInternal\vc100.pdb
D:\X\XFILESHACK-PB\XFILESHACK-PB\XFILESHACK-PB\RELEASE - TOINTERNAL\XFILESHACK.OBJ
D:\x\XFilesHack-PB\XFilesHack-PB\XFilesHack-PB\Release - ToInternal\XFilesHack-PB.write.1.tlog
G:\X\XFILESHACK-PB\XFILESHACK-PB\XFILESHACK-PB\RELEASE - TOINTERNAL\BASE64.OBJ
G:\X\XFILESHACK-PB\XFILESHACK-PB\XFILESHACK-PB\RELEASE - TOINTERNAL\HTTP.OBJ
G:\X\XFILESHACK-PB\XFILESHACK-PB\XFILESHACK-PB\RELEASE - TOINTERNAL\LOADDLL.OBJ
G:\X\XFILESHACK-PB\XFILESHACK-PB\XFILESHACK-PB\RELEASE - TOINTERNAL\MD5.OBJ
G:\X\XFILESHACK-PB\XFILESHACK-PB\XFILESHACK-PB\RELEASE - TOINTERNAL\SMART.OBJ
G:\X\XFILESHACK-PB\XFILESHACK-PB\XFILESHACK-PB\RELEASE - TOINTERNAL\TRAYICON.OBJ
G:\X\XFILESHACK-PB\XFILESHACK-PB\XFILESHACK-PB\RELEASE - TOINTERNAL\VC100.PDB
G:\X\XFILESHACK-PB\XFILESHACK-PB\XFILESHACK-PB\RELEASE - TOINTERNAL\XFILESHACK.OBJ
