D:\GAMEHACK\BASE & TOOLS\BASE\VS2010\PB\NEWV5\XFILESHACK-PB\RELEASE\XFILESHACK-PB.DLL
D:\GameHack\Base & Tools\Base\VS2010\PB\NEWV5\XFilesHack-PB\Release\XFilesHack-PB.exp
D:\GameHack\Base & Tools\Base\VS2010\PB\NEWV5\XFilesHack-PB\Release\XFilesHack-PB.lib
D:\GAMEHACK\BASE & TOOLS\BASE\VS2010\PB\NEWV5\XFILESHACK-PB\RELEASE\XFILESHACK-PB.MAP
D:\GAMEHACK\BASE & TOOLS\BASE\VS2010\PB\NEWV5\XFILESHACK-PB\RELEASE\XFILESHACK-PB.PDB
D:\GAMEHACK\BASE & TOOLS\BASE\VS2010\PB\NEWV5\XFILESHACK-PB\XFILESHACK-PB\RELEASE\BASE64.OBJ
D:\GameHack\Base & Tools\Base\VS2010\PB\NEWV5\XFilesHack-PB\XFilesHack-PB\Release\cl.command.1.tlog
D:\GameHack\Base & Tools\Base\VS2010\PB\NEWV5\XFilesHack-PB\XFilesHack-PB\Release\CL.read.1.tlog
D:\GameHack\Base & Tools\Base\VS2010\PB\NEWV5\XFilesHack-PB\XFilesHack-PB\Release\CL.write.1.tlog
D:\GAMEHACK\BASE & TOOLS\BASE\VS2010\PB\NEWV5\XFILESHACK-PB\XFILESHACK-PB\RELEASE\HTTP.OBJ
D:\GameHack\Base & Tools\Base\VS2010\PB\NEWV5\XFilesHack-PB\XFilesHack-PB\Release\link.command.1.tlog
D:\GameHack\Base & Tools\Base\VS2010\PB\NEWV5\XFilesHack-PB\XFilesHack-PB\Release\link.read.1.tlog
D:\GameHack\Base & Tools\Base\VS2010\PB\NEWV5\XFilesHack-PB\XFilesHack-PB\Release\link.write.1.tlog
D:\GAMEHACK\BASE & TOOLS\BASE\VS2010\PB\NEWV5\XFILESHACK-PB\XFILESHACK-PB\RELEASE\LOADDLL.OBJ
D:\GAMEHACK\BASE & TOOLS\BASE\VS2010\PB\NEWV5\XFILESHACK-PB\XFILESHACK-PB\RELEASE\MD5.OBJ
D:\GameHack\Base & Tools\Base\VS2010\PB\NEWV5\XFilesHack-PB\XFilesHack-PB\Release\mt.command.1.tlog
D:\GameHack\Base & Tools\Base\VS2010\PB\NEWV5\XFilesHack-PB\XFilesHack-PB\Release\mt.read.1.tlog
D:\GameHack\Base & Tools\Base\VS2010\PB\NEWV5\XFilesHack-PB\XFilesHack-PB\Release\mt.write.1.tlog
D:\GAMEHACK\BASE & TOOLS\BASE\VS2010\PB\NEWV5\XFILESHACK-PB\XFILESHACK-PB\RELEASE\SMART.OBJ
D:\GAMEHACK\BASE & TOOLS\BASE\VS2010\PB\NEWV5\XFILESHACK-PB\XFILESHACK-PB\RELEASE\VC100.PDB
D:\GAMEHACK\BASE & TOOLS\BASE\VS2010\PB\NEWV5\XFILESHACK-PB\XFILESHACK-PB\RELEASE\XFILESHACK.OBJ
D:\GAMEHACK\BASE & TOOLS\BASE\VS2010\PB\NEWV5\XFILESHACK-PB\XFILESHACK-PB\RELEASE\XFILESHACK-PB.DLL.INTERMEDIATE.MANIFEST
D:\GameHack\Base & Tools\Base\VS2010\PB\NEWV5\XFilesHack-PB\XFilesHack-PB\Release\XFilesHack-PB.vcxprojResolveAssemblyReference.cache
D:\GameHack\Base & Tools\Base\VS2010\PB\NEWV5\XFilesHack-PB\XFilesHack-PB\Release\XFilesHack-PB.write.1.tlog
